<?xml version="1.0" encoding="UTF-8"?>
<!-- Generated by org.testng.reporters.JUnitReportReporter -->
<testsuite skipped="0" hostname="bdc6-dx-5DVHXH2" name="Basics" tests="1" failures="0" timestamp="29 Aug 2018 10:04:22 GMT" time="3.108" errors="0">
  <testcase name="googleMapGet" time="3.108" classname="Basics"/>
</testsuite> <!-- Basics -->
