<?xml version="1.0" encoding="UTF-8"?>
<!-- Generated by org.testng.reporters.JUnitReportReporter -->
<testsuite skipped="0" hostname="bdc6-dx-5DVHXH2" name="Customised.getTestCustomResource" tests="1" failures="0" timestamp="30 Aug 2018 07:44:18 GMT" time="3.703" errors="0">
  <testcase name="googleMapGet" time="3.703" classname="Customised.getTestCustomResource"/>
</testsuite> <!-- Customised.getTestCustomResource -->
