<?xml version="1.0" encoding="UTF-8"?>
<!-- Generated by org.testng.reporters.JUnitReportReporter -->
<testsuite skipped="0" hostname="bdc6-dx-5DVHXH2" name="PostAndDelete" tests="1" failures="0" timestamp="29 Aug 2018 13:14:20 GMT" time="2.436" errors="0">
  <testcase name="createAndDeletePlace" time="2.436" classname="PostAndDelete"/>
</testsuite> <!-- PostAndDelete -->
