<?xml version="1.0" encoding="UTF-8"?>
<!-- Generated by org.testng.reporters.JUnitReportReporter -->
<testsuite skipped="0" hostname="bdc6-dx-5DVHXH2" name="Customised.PostAndDeleteCustomised" tests="1" failures="0" timestamp="30 Aug 2018 08:06:00 GMT" time="2.662" errors="0">
  <testcase name="createAndDeletePlace" time="2.662" classname="Customised.PostAndDeleteCustomised"/>
</testsuite> <!-- Customised.PostAndDeleteCustomised -->
