<?xml version="1.0" encoding="UTF-8"?>
<!-- Generated by org.testng.reporters.JUnitReportReporter -->
<testsuite skipped="0" hostname="bdc6-dx-5DVHXH2" name="BooksAPITest.getBookTest" tests="1" failures="0" timestamp="31 Aug 2018 07:15:00 GMT" time="8.867" errors="0">
  <testcase name="getBooks" time="8.867" classname="BooksAPITest.getBookTest"/>
</testsuite> <!-- BooksAPITest.getBookTest -->
