<?xml version="1.0" encoding="UTF-8"?>
<!-- Generated by org.testng.reporters.JUnitReportReporter -->
<testsuite skipped="0" hostname="bdc6-dx-5DVHXH2" name="Basic2" tests="1" failures="0" timestamp="29 Aug 2018 11:36:37 GMT" time="2.848" errors="0">
  <testcase name="createPlace" time="2.848" classname="Basic2"/>
</testsuite> <!-- Basic2 -->
