<?xml version="1.0" encoding="UTF-8"?>
<!-- Generated by org.testng.reporters.JUnitReportReporter -->
<testsuite skipped="0" hostname="bdc6-dx-5DVHXH2" name="Customised.getTestCustomKey" tests="1" failures="0" timestamp="29 Aug 2018 13:34:09 GMT" time="3.568" errors="0">
  <testcase name="googleMapGet" time="3.568" classname="Customised.getTestCustomKey"/>
</testsuite> <!-- Customised.getTestCustomKey -->
